<?xml version="1.0" encoding="UTF-8"?>
<!-- Generated by org.testng.reporters.JUnitXMLReporter -->
<testsuite ignored="0" hostname="DESKTOP-10G1S0V" failures="0" tests="2" name="Default test" time="23.316" errors="0" timestamp="2024-06-07T14:07:10 IST">
  <testcase classname="org.healthcare.CURAHealthCare.ErrorValidation" name="invalidDateField" time="1.96"/>
  <testcase classname="org.healthcare.CURAHealthCare.ErrorValidation" name="verifyLoginError" time="10.102"/>
</testsuite> <!-- Default test -->
