<?xml version="1.0" encoding="UTF-8"?>
<!-- Generated by org.testng.reporters.JUnitXMLReporter -->
<testsuite ignored="0" hostname="DESKTOP-10G1S0V" failures="0" tests="3" name="StandaloneTest" time="38.361" errors="0" timestamp="10 Jun 2024 16:46:14 GMT">
  <testcase classname="org.healthcare.CURAHealthCare.CuraHealthCareServiceTest" name="verifyHomepage" time="0.287"/>
  <testcase classname="org.healthcare.CURAHealthCare.CuraHealthCareServiceTest" name="checkProfile" time="5.676"/>
  <testcase classname="org.healthcare.CURAHealthCare.CuraHealthCareServiceTest" name="EndToEndTest" time="12.29"/>
</testsuite> <!-- StandaloneTest -->
