<?xml version="1.0" encoding="UTF-8"?>
<!-- Generated by org.testng.reporters.JUnitXMLReporter -->
<testsuite ignored="0" hostname="DESKTOP-10G1S0V" failures="0" tests="2" name="ErrorValidationTest" time="24.711" errors="0" timestamp="13 Jun 2024 15:11:19 GMT">
  <testcase classname="org.healthcare.CURAHealthCare.ErrorValidation" name="invalidDateField" time="2.216"/>
  <testcase classname="org.healthcare.CURAHealthCare.ErrorValidation" name="verifyLoginError" time="10.077"/>
</testsuite> <!-- ErrorValidationTest -->
