<?xml version="1.0" encoding="UTF-8"?>
<!-- Generated by org.testng.reporters.JUnitXMLReporter -->
<testsuite ignored="0" hostname="DESKTOP-10G1S0V" failures="0" tests="3" name="StandaloneTest" time="33.161" errors="0" timestamp="13 Jun 2024 15:11:27 GMT">
  <testcase classname="org.healthcare.CURAHealthCare.CuraHealthCareServiceTest" name="verifyHomepage" time="2.356"/>
  <testcase classname="org.healthcare.CURAHealthCare.CuraHealthCareServiceTest" name="checkProfile" time="5.793"/>
  <testcase classname="org.healthcare.CURAHealthCare.CuraHealthCareServiceTest" name="EndToEndTest" time="8.526"/>
</testsuite> <!-- StandaloneTest -->
